#
# There is insufficient memory for the Java Runtime Environment to continue.
# Native memory allocation (malloc) failed to allocate 1792 bytes for AllocateHeap
# Possible reasons:
#   The system is out of physical RAM or swap space
#   In 32 bit mode, the process size limit was hit
# Possible solutions:
#   Reduce memory load on the system
#   Increase physical memory or swap space
#   Check if swap backing store is full
#   Use 64 bit Java on a 64 bit OS
#   Decrease Java heap size (-Xmx/-Xms)
#   Decrease number of Java threads
#   Decrease Java thread stack sizes (-Xss)
#   Set larger code cache with -XX:ReservedCodeCacheSize=
# This output file may be truncated or incomplete.
#
#  Out of Memory Error (memory/allocation.inline.hpp:61), pid=11024, tid=0x000000000000232c
#
# JRE version: Java(TM) SE Runtime Environment (8.0_171-b11) (build 1.8.0_171-b11)
# Java VM: Java HotSpot(TM) 64-Bit Server VM (25.171-b11 mixed mode windows-amd64 compressed oops)
# Failed to write core dump. Minidumps are not enabled by default on client versions of Windows
#

---------------  T H R E A D  ---------------

Current thread (0x0000000002860800):  GCTaskThread [stack: 0x0000000012590000,0x0000000012690000] [id=9004]

Stack: [0x0000000012590000,0x0000000012690000]
[error occurred during error reporting (printing stack bounds), id 0xc0000005]

Native frames: (J=compiled Java code, j=interpreted, Vv=VM code, C=native code)

JavaThread 0x0000000018c58000 (nid = 5344) was being processed
Java frames: (J=compiled Java code, j=interpreted, Vv=VM code)
j  sun.misc.Unsafe.defineClass(Ljava/lang/String;[BIILjava/lang/ClassLoader;Ljava/security/ProtectionDomain;)Ljava/lang/Class;+0
j  sun.reflect.ClassDefiner.defineClass(Ljava/lang/String;[BIILjava/lang/ClassLoader;)Ljava/lang/Class;+27
j  sun.reflect.MethodAccessorGenerator$1.run()Lsun/reflect/MagicAccessorImpl;+21
j  sun.reflect.MethodAccessorGenerator$1.run()Ljava/lang/Object;+1
v  ~StubRoutines::call_stub
J 499  java.security.AccessController.doPrivileged(Ljava/security/PrivilegedAction;)Ljava/lang/Object; (0 bytes) @ 0x0000000002c0edd2 [0x0000000002c0ed80+0x52]
j  sun.reflect.MethodAccessorGenerator.generate(Ljava/lang/Class;Ljava/lang/String;[Ljava/lang/Class;Ljava/lang/Class;[Ljava/lang/Class;IZZLjava/lang/Class;)Lsun/reflect/MagicAccessorImpl;+755
j  sun.reflect.MethodAccessorGenerator.generateSerializationConstructor(Ljava/lang/Class;[Ljava/lang/Class;[Ljava/lang/Class;ILjava/lang/Class;)Lsun/reflect/SerializationConstructorAccessorImpl;+15
j  sun.reflect.ReflectionFactory.generateConstructor(Ljava/lang/Class;Ljava/lang/reflect/Constructor;)Ljava/lang/reflect/Constructor;+24
j  sun.reflect.ReflectionFactory.newConstructorForSerialization(Ljava/lang/Class;Ljava/lang/reflect/Constructor;)Ljava/lang/reflect/Constructor;+13
j  java.io.ObjectStreamClass.getSerializableConstructor(Ljava/lang/Class;)Ljava/lang/reflect/Constructor;+63
j  java.io.ObjectStreamClass.access$1500(Ljava/lang/Class;)Ljava/lang/reflect/Constructor;+1
j  java.io.ObjectStreamClass$2.run()Ljava/lang/Void;+176
j  java.io.ObjectStreamClass$2.run()Ljava/lang/Object;+1
v  ~StubRoutines::call_stub
J 499  java.security.AccessController.doPrivileged(Ljava/security/PrivilegedAction;)Ljava/lang/Object; (0 bytes) @ 0x0000000002c0edd2 [0x0000000002c0ed80+0x52]
j  java.io.ObjectStreamClass.<init>(Ljava/lang/Class;)V+103
J 2042 C1 java.io.ObjectStreamClass.lookup(Ljava/lang/Class;Z)Ljava/io/ObjectStreamClass; (335 bytes) @ 0x0000000002e65ba4 [0x0000000002e654c0+0x6e4]
J 2040 C1 java.io.ObjectOutputStream.writeObject0(Ljava/lang/Object;Z)V (619 bytes) @ 0x0000000002e619dc [0x0000000002e61660+0x37c]
j  java.io.ObjectOutputStream.writeObject(Ljava/lang/Object;)V+16
j  sun.rmi.server.UnicastRef.marshalValue(Ljava/lang/Class;Ljava/lang/Object;Ljava/io/ObjectOutput;)V+220
j  sun.rmi.server.UnicastServerRef.dispatch(Ljava/rmi/Remote;Ljava/rmi/server/RemoteCall;)V+277
j  sun.rmi.transport.Transport$1.run()Ljava/lang/Void;+23
j  sun.rmi.transport.Transport$1.run()Ljava/lang/Object;+1
v  ~StubRoutines::call_stub
J 564  java.security.AccessController.doPrivileged(Ljava/security/PrivilegedExceptionAction;Ljava/security/AccessControlContext;)Ljava/lang/Object; (0 bytes) @ 0x0000000002c27c66 [0x0000000002c27c00+0x66]
j  sun.rmi.transport.Transport.serviceCall(Ljava/rmi/server/RemoteCall;)Z+157
j  sun.rmi.transport.tcp.TCPTransport.handleMessages(Lsun/rmi/transport/Connection;Z)V+185
j  sun.rmi.transport.tcp.TCPTransport$ConnectionHandler.run0()V+724
j  sun.rmi.transport.tcp.TCPTransport$ConnectionHandler.lambda$run$0()Ljava/lang/Void;+1
j  sun.rmi.transport.tcp.TCPTransport$ConnectionHandler$$Lambda$65.run()Ljava/lang/Object;+4
v  ~StubRoutines::call_stub
j  java.security.AccessController.doPrivileged(Ljava/security/PrivilegedAction;Ljava/security/AccessControlContext;)Ljava/lang/Object;+0
j  sun.rmi.transport.tcp.TCPTransport$ConnectionHandler.run()V+58
j  java.util.concurrent.ThreadPoolExecutor.runWorker(Ljava/util/concurrent/ThreadPoolExecutor$Worker;)V+95
j  java.util.concurrent.ThreadPoolExecutor$Worker.run()V+5
j  java.lang.Thread.run()V+11
v  ~StubRoutines::call_stub

---------------  P R O C E S S  ---------------

Java Threads: ( => current thread )
  0x000000001a2c6800 JavaThread "JMX server connection timeout 27" daemon [_thread_blocked, id=2084, stack(0x00000000197d0000,0x00000000198d0000)]
  0x0000000018c59000 JavaThread "RMI Scheduler(0)" daemon [_thread_blocked, id=9532, stack(0x000000001ada0000,0x000000001aea0000)]
  0x0000000018c58000 JavaThread "RMI TCP Connection(1)-192.168.0.128" daemon [_thread_blocked, id=5344, stack(0x000000001aca0000,0x000000001ada0000)]
  0x0000000018b88000 JavaThread "restartedMain" [_thread_blocked, id=3420, stack(0x00000000196d0000,0x00000000197d0000)]
  0x0000000018b87800 JavaThread "Thread-1" [_thread_blocked, id=9772, stack(0x00000000195d0000,0x00000000196d0000)]
  0x0000000018945000 JavaThread "RMI TCP Accept-0" daemon [_thread_in_native, id=10844, stack(0x0000000019120000,0x0000000019220000)]
  0x00000000186e3800 JavaThread "Service Thread" daemon [_thread_blocked, id=8368, stack(0x0000000019020000,0x0000000019120000)]
  0x00000000186dc800 JavaThread "C1 CompilerThread1" daemon [_thread_blocked, id=2612, stack(0x0000000018f20000,0x0000000019020000)]
  0x0000000018682800 JavaThread "C2 CompilerThread0" daemon [_thread_blocked, id=11180, stack(0x0000000018e20000,0x0000000018f20000)]
  0x000000001863e000 JavaThread "Monitor Ctrl-Break" daemon [_thread_in_native, id=8836, stack(0x0000000018d20000,0x0000000018e20000)]
  0x00000000171e8800 JavaThread "Attach Listener" daemon [_thread_blocked, id=7312, stack(0x0000000018020000,0x0000000018120000)]
  0x0000000017192800 JavaThread "Signal Dispatcher" daemon [_thread_blocked, id=6116, stack(0x0000000017f20000,0x0000000018020000)]
  0x0000000017168000 JavaThread "Finalizer" daemon [_thread_blocked, id=6360, stack(0x0000000017dc0000,0x0000000017ec0000)]
  0x0000000002935800 JavaThread "Reference Handler" daemon [_thread_blocked, id=11816, stack(0x0000000017cc0000,0x0000000017dc0000)]
  0x0000000002849000 JavaThread "main" [_thread_blocked, id=9820, stack(0x0000000002640000,0x0000000002740000)]

Other Threads:
  0x0000000017146000 VMThread [stack: 0x0000000017bc0000,0x0000000017cc0000] [id=6812]
  0x0000000018947800 WatcherThread [stack: 0x0000000019220000,0x0000000019320000] [id=6240]

=>0x0000000002860800 (exited) GCTaskThread [stack: 0x0000000012590000,0x0000000012690000] [id=9004]

VM state:at safepoint (normal execution)

VM Mutex/Monitor currently owned by a thread:  ([mutex/lock_event])
[0x000000000217edb0] OopMapCacheAlloc_lock - owner thread: 0x0000000002860800
[0x00000000028406d0] Threads_lock - owner thread: 0x0000000017146000
[0x0000000002840150] Heap_lock - owner thread: 0x0000000018b88000

Heap:
 PSYoungGen      total 109568K, used 2358K [0x00000000d6e00000, 0x00000000de380000, 0x0000000100000000)
  eden space 100864K, 2% used [0x00000000d6e00000,0x00000000d704da10,0x00000000dd080000)
  from space 8704K, 0% used [0x00000000ddb00000,0x00000000ddb00000,0x00000000de380000)
  to   space 9728K, 0% used [0x00000000dd080000,0x00000000dd090000,0x00000000dda00000)
 ParOldGen       total 54272K, used 9221K [0x0000000084a00000, 0x0000000087f00000, 0x00000000d6e00000)
  object space 54272K, 16% used [0x0000000084a00000,0x0000000085301428,0x0000000087f00000)
 Metaspace       used 28317K, capacity 29776K, committed 30208K, reserved 1083392K
  class space    used 3949K, capacity 4232K, committed 4352K, reserved 1048576K

Card table byte_map: [0x0000000011e10000,0x00000000121f0000] byte_map_base: 0x00000000119eb000

Marking Bits: (ParMarkBitMap*) 0x000000006fbd08c0
 Begin Bits: [0x0000000012690000, 0x0000000014568000)
 End Bits:   [0x0000000014568000, 0x0000000016440000)

Polling page: 0x0000000002130000

CodeCache: size=245760Kb used=6045Kb max_used=6045Kb free=239714Kb
 bounds [0x0000000002a50000, 0x0000000003040000, 0x0000000011a50000]
 total_blobs=3465 nmethods=3044 adapters=333
 compilation: enabled

Compilation events (10 events):
Event: 4.945 Thread 0x00000000186dc800 3040       1       java.util.LinkedHashMap$LinkedEntryIterator::<init> (11 bytes)
Event: 4.945 Thread 0x00000000186dc800 nmethod 3040 0x0000000003035f10 code [0x0000000003036060, 0x00000000030361d0]
Event: 4.945 Thread 0x00000000186dc800 3041       1       java.lang.reflect.Field::getDeclaredAnnotations (8 bytes)
Event: 4.945 Thread 0x00000000186dc800 nmethod 3041 0x0000000003036250 code [0x00000000030363e0, 0x00000000030365a8]
Event: 5.039 Thread 0x00000000186dc800 3042       1       java.util.Vector::<init> (7 bytes)
Event: 5.039 Thread 0x00000000186dc800 nmethod 3042 0x0000000003036690 code [0x00000000030367e0, 0x0000000003036908]
Event: 5.039 Thread 0x00000000186dc800 3043       1       java.util.Vector::<init> (49 bytes)
Event: 5.040 Thread 0x00000000186dc800 nmethod 3043 0x0000000003036990 code [0x0000000003036b20, 0x0000000003036f78]
Event: 5.041 Thread 0x00000000186dc800 3044       1       java.io.ObjectOutputStream$BlockDataOutputStream::writeUTF (11 bytes)
Event: 5.041 Thread 0x00000000186dc800 nmethod 3044 0x00000000030371d0 code [0x0000000003037340, 0x00000000030374b8]

GC Heap History (10 events):
Event: 5.038 GC heap after
Heap after GC invocations=12 (full 2):
 PSYoungGen      total 109568K, used 0K [0x00000000d6e00000, 0x00000000de380000, 0x0000000100000000)
  eden space 100864K, 0% used [0x00000000d6e00000,0x00000000d6e00000,0x00000000dd080000)
  from space 8704K, 0% used [0x00000000ddb00000,0x00000000ddb00000,0x00000000de380000)
  to   space 9728K, 0% used [0x00000000dd080000,0x00000000dd080000,0x00000000dda00000)
 ParOldGen       total 54272K, used 12499K [0x0000000084a00000, 0x0000000087f00000, 0x00000000d6e00000)
  object space 54272K, 23% used [0x0000000084a00000,0x0000000085634e78,0x0000000087f00000)
 Metaspace       used 28528K, capacity 30114K, committed 30208K, reserved 1077248K
  class space    used 3983K, capacity 4293K, committed 4352K, reserved 1048576K
}
Event: 5.043 GC heap before
{Heap before GC invocations=13 (full 2):
 PSYoungGen      total 109568K, used 1684K [0x00000000d6e00000, 0x00000000de380000, 0x0000000100000000)
  eden space 100864K, 1% used [0x00000000d6e00000,0x00000000d6fa53c0,0x00000000dd080000)
  from space 8704K, 0% used [0x00000000ddb00000,0x00000000ddb00000,0x00000000de380000)
  to   space 9728K, 0% used [0x00000000dd080000,0x00000000dd080000,0x00000000dda00000)
 ParOldGen       total 54272K, used 12499K [0x0000000084a00000, 0x0000000087f00000, 0x00000000d6e00000)
  object space 54272K, 23% used [0x0000000084a00000,0x0000000085634e78,0x0000000087f00000)
 Metaspace       used 28529K, capacity 30114K, committed 30208K, reserved 1081344K
  class space    used 3983K, capacity 4293K, committed 4352K, reserved 1048576K
Event: 5.044 GC heap after
Heap after GC invocations=13 (full 2):
 PSYoungGen      total 110592K, used 64K [0x00000000d6e00000, 0x00000000de380000, 0x0000000100000000)
  eden space 100864K, 0% used [0x00000000d6e00000,0x00000000d6e00000,0x00000000dd080000)
  from space 9728K, 0% used [0x00000000dd080000,0x00000000dd090000,0x00000000dda00000)
  to   space 8704K, 0% used [0x00000000ddb00000,0x00000000ddb00000,0x00000000de380000)
 ParOldGen       total 54272K, used 12499K [0x0000000084a00000, 0x0000000087f00000, 0x00000000d6e00000)
  object space 54272K, 23% used [0x0000000084a00000,0x0000000085634e78,0x0000000087f00000)
 Metaspace       used 28529K, capacity 30114K, committed 30208K, reserved 1081344K
  class space    used 3983K, capacity 4293K, committed 4352K, reserved 1048576K
}
Event: 5.044 GC heap before
{Heap before GC invocations=14 (full 3):
 PSYoungGen      total 110592K, used 64K [0x00000000d6e00000, 0x00000000de380000, 0x0000000100000000)
  eden space 100864K, 0% used [0x00000000d6e00000,0x00000000d6e00000,0x00000000dd080000)
  from space 9728K, 0% used [0x00000000dd080000,0x00000000dd090000,0x00000000dda00000)
  to   space 8704K, 0% used [0x00000000ddb00000,0x00000000ddb00000,0x00000000de380000)
 ParOldGen       total 54272K, used 12499K [0x0000000084a00000, 0x0000000087f00000, 0x00000000d6e00000)
  object space 54272K, 23% used [0x0000000084a00000,0x0000000085634e78,0x0000000087f00000)
 Metaspace       used 28529K, capacity 30114K, committed 30208K, reserved 1081344K
  class space    used 3983K, capacity 4293K, committed 4352K, reserved 1048576K
Event: 5.096 GC heap after
Heap after GC invocations=14 (full 3):
 PSYoungGen      total 110592K, used 0K [0x00000000d6e00000, 0x00000000de380000, 0x0000000100000000)
  eden space 100864K, 0% used [0x00000000d6e00000,0x00000000d6e00000,0x00000000dd080000)
  from space 9728K, 0% used [0x00000000dd080000,0x00000000dd080000,0x00000000dda00000)
  to   space 8704K, 0% used [0x00000000ddb00000,0x00000000ddb00000,0x00000000de380000)
 ParOldGen       total 54272K, used 11477K [0x0000000084a00000, 0x0000000087f00000, 0x00000000d6e00000)
  object space 54272K, 21% used [0x0000000084a00000,0x00000000855356a8,0x0000000087f00000)
 Metaspace       used 28529K, capacity 30114K, committed 30208K, reserved 1077248K
  class space    used 3983K, capacity 4293K, committed 4352K, reserved 1048576K
}
Event: 5.096 GC heap before
{Heap before GC invocations=15 (full 3):
 PSYoungGen      total 110592K, used 0K [0x00000000d6e00000, 0x00000000de380000, 0x0000000100000000)
  eden space 100864K, 0% used [0x00000000d6e00000,0x00000000d6e00000,0x00000000dd080000)
  from space 9728K, 0% used [0x00000000dd080000,0x00000000dd080000,0x00000000dda00000)
  to   space 8704K, 0% used [0x00000000ddb00000,0x00000000ddb00000,0x00000000de380000)
 ParOldGen       total 54272K, used 11477K [0x0000000084a00000, 0x0000000087f00000, 0x00000000d6e00000)
  object space 54272K, 21% used [0x0000000084a00000,0x00000000855356a8,0x0000000087f00000)
 Metaspace       used 28529K, capacity 30114K, committed 30208K, reserved 1081344K
  class space    used 3983K, capacity 4293K, committed 4352K, reserved 1048576K
Event: 5.098 GC heap after
Heap after GC invocations=15 (full 3):
 PSYoungGen      total 109568K, used 0K [0x00000000d6e00000, 0x00000000de380000, 0x0000000100000000)
  eden space 100864K, 0% used [0x00000000d6e00000,0x00000000d6e00000,0x00000000dd080000)
  from space 8704K, 0% used [0x00000000ddb00000,0x00000000ddb00000,0x00000000de380000)
  to   space 9728K, 0% used [0x00000000dd080000,0x00000000dd080000,0x00000000dda00000)
 ParOldGen       total 54272K, used 11477K [0x0000000084a00000, 0x0000000087f00000, 0x00000000d6e00000)
  object space 54272K, 21% used [0x0000000084a00000,0x00000000855356a8,0x0000000087f00000)
 Metaspace       used 28529K, capacity 30114K, committed 30208K, reserved 1081344K
  class space    used 3983K, capacity 4293K, committed 4352K, reserved 1048576K
}
Event: 5.098 GC heap before
{Heap before GC invocations=16 (full 4):
 PSYoungGen      total 109568K, used 0K [0x00000000d6e00000, 0x00000000de380000, 0x0000000100000000)
  eden space 100864K, 0% used [0x00000000d6e00000,0x00000000d6e00000,0x00000000dd080000)
  from space 8704K, 0% used [0x00000000ddb00000,0x00000000ddb00000,0x00000000de380000)
  to   space 9728K, 0% used [0x00000000dd080000,0x00000000dd080000,0x00000000dda00000)
 ParOldGen       total 54272K, used 11477K [0x0000000084a00000, 0x0000000087f00000, 0x00000000d6e00000)
  object space 54272K, 21% used [0x0000000084a00000,0x00000000855356a8,0x0000000087f00000)
 Metaspace       used 28529K, capacity 30114K, committed 30208K, reserved 1081344K
  class space    used 3983K, capacity 4293K, committed 4352K, reserved 1048576K
Event: 5.181 GC heap after
Heap after GC invocations=16 (full 4):
 PSYoungGen      total 109568K, used 0K [0x00000000d6e00000, 0x00000000de380000, 0x0000000100000000)
  eden space 100864K, 0% used [0x00000000d6e00000,0x00000000d6e00000,0x00000000dd080000)
  from space 8704K, 0% used [0x00000000ddb00000,0x00000000ddb00000,0x00000000de380000)
  to   space 9728K, 0% used [0x00000000dd080000,0x00000000dd080000,0x00000000dda00000)
 ParOldGen       total 54272K, used 9221K [0x0000000084a00000, 0x0000000087f00000, 0x00000000d6e00000)
  object space 54272K, 16% used [0x0000000084a00000,0x0000000085301428,0x0000000087f00000)
 Metaspace       used 28314K, capacity 29770K, committed 30208K, reserved 1077248K
  class space    used 3948K, capacity 4231K, committed 4352K, reserved 1048576K
}
Event: 5.182 GC heap before
{Heap before GC invocations=17 (full 4):
 PSYoungGen      total 109568K, used 2358K [0x00000000d6e00000, 0x00000000de380000, 0x0000000100000000)
  eden space 100864K, 2% used [0x00000000d6e00000,0x00000000d704da10,0x00000000dd080000)
  from space 8704K, 0% used [0x00000000ddb00000,0x00000000ddb00000,0x00000000de380000)
  to   space 9728K, 0% used [0x00000000dd080000,0x00000000dd080000,0x00000000dda00000)
 ParOldGen       total 54272K, used 9221K [0x0000000084a00000, 0x0000000087f00000, 0x00000000d6e00000)
  object space 54272K, 16% used [0x0000000084a00000,0x0000000085301428,0x0000000087f00000)
 Metaspace       used 28317K, capacity 29776K, committed 30208K, reserved 1083392K
  class space    used 3949K, capacity 4232K, committed 4352K, reserved 1048576K

Deoptimization events (0 events):
No events

Classes redefined (0 events):
No events

Internal exceptions (10 events):
Event: 4.900 Thread 0x0000000018b88000 Exception <a 'java/lang/ArrayIndexOutOfBoundsException'> (0x00000000d8c74e88) thrown at [C:\re\workspace\8-2-build-windows-amd64-cygwin\jdk8u171\10807\hotspot\src\share\vm\runtime\sharedRuntime.cpp, line 605]
Event: 4.915 Thread 0x0000000018b88000 Exception <a 'java/lang/ArrayIndexOutOfBoundsException'> (0x00000000d8d75170) thrown at [C:\re\workspace\8-2-build-windows-amd64-cygwin\jdk8u171\10807\hotspot\src\share\vm\runtime\sharedRuntime.cpp, line 605]
Event: 4.915 Thread 0x0000000018b88000 Exception <a 'java/lang/ArrayIndexOutOfBoundsException'> (0x00000000d8d764b8) thrown at [C:\re\workspace\8-2-build-windows-amd64-cygwin\jdk8u171\10807\hotspot\src\share\vm\runtime\sharedRuntime.cpp, line 605]
Event: 4.916 Thread 0x0000000018b88000 Exception <a 'java/lang/ArrayIndexOutOfBoundsException'> (0x00000000d8d8df60) thrown at [C:\re\workspace\8-2-build-windows-amd64-cygwin\jdk8u171\10807\hotspot\src\share\vm\runtime\sharedRuntime.cpp, line 605]
Event: 4.924 Thread 0x0000000018b88000 Exception <a 'java/lang/ArrayIndexOutOfBoundsException'> (0x00000000d8e67c40) thrown at [C:\re\workspace\8-2-build-windows-amd64-cygwin\jdk8u171\10807\hotspot\src\share\vm\runtime\sharedRuntime.cpp, line 605]
Event: 4.924 Thread 0x0000000018b88000 Exception <a 'java/lang/ArrayIndexOutOfBoundsException'> (0x00000000d8e71120) thrown at [C:\re\workspace\8-2-build-windows-amd64-cygwin\jdk8u171\10807\hotspot\src\share\vm\runtime\sharedRuntime.cpp, line 605]
Event: 4.927 Thread 0x0000000018b88000 Exception <a 'java/lang/NoSuchMethodError': java.lang.Object.lambda$and$0(Ljava/util/function/Predicate;Ljava/lang/Object;)Z> (0x00000000d8ea3a28) thrown at [C:\re\workspace\8-2-build-windows-amd64-cygwin\jdk8u171\10807\hotspot\src\share\vm\interpreter\li
Event: 4.938 Thread 0x0000000018b88000 Exception <a 'java/lang/ArrayIndexOutOfBoundsException'> (0x00000000d8f6f940) thrown at [C:\re\workspace\8-2-build-windows-amd64-cygwin\jdk8u171\10807\hotspot\src\share\vm\runtime\sharedRuntime.cpp, line 605]
Event: 5.181 Thread 0x0000000018b88000 Exception <a 'java/lang/OutOfMemoryError'> (0x0000000084d7bb30) thrown at [C:\re\workspace\8-2-build-windows-amd64-cygwin\jdk8u171\10807\hotspot\src\share\vm\memory\metaspace.cpp, line 3587]
Event: 5.181 Thread 0x0000000018b88000 Exception <a 'java/lang/OutOfMemoryError'> (0x0000000084d7bb30) thrown at [C:\re\workspace\8-2-build-windows-amd64-cygwin\jdk8u171\10807\hotspot\src\share\vm\prims\jvm.cpp, line 1439]

Events (10 events):
Event: 4.952 Executing VM operation: CollectForMetadataAllocation
Event: 5.038 Executing VM operation: CollectForMetadataAllocation done
Event: 5.039 loading class org/springframework/web/servlet/HandlerExecutionChain
Event: 5.039 loading class org/springframework/web/servlet/HandlerExecutionChain done
Event: 5.039 Thread 0x000000001a2c6800 Thread added: 0x000000001a2c6800
Event: 5.043 Executing VM operation: CollectForMetadataAllocation
Event: 5.181 Executing VM operation: CollectForMetadataAllocation done
Event: 5.181 loading class org/springframework/beans/factory/BeanCreationException
Event: 5.181 loading class org/springframework/beans/factory/BeanCreationException done
Event: 5.182 Executing VM operation: CollectForMetadataAllocation


Dynamic libraries:
0x00007ff6cf750000 - 0x00007ff6cf787000 	D:\Tools\jdk\jdk1.8\bin\java.exe
0x00007ffe2ee70000 - 0x00007ffe2f065000 	C:\Windows\SYSTEM32\ntdll.dll
0x00007ffe2ebd0000 - 0x00007ffe2ec8d000 	C:\Windows\System32\KERNEL32.DLL
0x00007ffe2cbb0000 - 0x00007ffe2ce79000 	C:\Windows\System32\KERNELBASE.dll
0x00007ffe2d1f0000 - 0x00007ffe2d29c000 	C:\Windows\System32\ADVAPI32.dll
0x00007ffe2ead0000 - 0x00007ffe2eb6e000 	C:\Windows\System32\msvcrt.dll
0x00007ffe2ec90000 - 0x00007ffe2ed2b000 	C:\Windows\System32\sechost.dll
0x00007ffe2e9a0000 - 0x00007ffe2eaca000 	C:\Windows\System32\RPCRT4.dll
0x00007ffe2cf40000 - 0x00007ffe2d0e0000 	C:\Windows\System32\USER32.dll
0x00007ffe2caf0000 - 0x00007ffe2cb12000 	C:\Windows\System32\win32u.dll
0x00007ffe2e970000 - 0x00007ffe2e99a000 	C:\Windows\System32\GDI32.dll
0x00007ffe2c7e0000 - 0x00007ffe2c8eb000 	C:\Windows\System32\gdi32full.dll
0x00007ffe2ca50000 - 0x00007ffe2caed000 	C:\Windows\System32\msvcp_win.dll
0x00007ffe2c5e0000 - 0x00007ffe2c6e0000 	C:\Windows\System32\ucrtbase.dll
0x00007ffe1c650000 - 0x00007ffe1c8ea000 	C:\Windows\WinSxS\amd64_microsoft.windows.common-controls_6595b64144ccf1df_6.0.19041.1110_none_60b5254171f9507e\COMCTL32.dll
0x00007ffe2e940000 - 0x00007ffe2e970000 	C:\Windows\System32\IMM32.DLL
0x000000006fc50000 - 0x000000006fd22000 	D:\Tools\jdk\jdk1.8\jre\bin\msvcr100.dll
0x000000006f3b0000 - 0x000000006fc50000 	D:\Tools\jdk\jdk1.8\jre\bin\server\jvm.dll
0x00007ffe2e680000 - 0x00007ffe2e688000 	C:\Windows\System32\PSAPI.DLL
0x00007ffe1e4e0000 - 0x00007ffe1e4e9000 	C:\Windows\SYSTEM32\WSOCK32.dll
0x00007ffe2e840000 - 0x00007ffe2e8ab000 	C:\Windows\System32\WS2_32.dll
0x00007ffe1e4f0000 - 0x00007ffe1e517000 	C:\Windows\SYSTEM32\WINMM.dll
0x00007ffe21070000 - 0x00007ffe2107a000 	C:\Windows\SYSTEM32\VERSION.dll
0x000000006f3a0000 - 0x000000006f3af000 	D:\Tools\jdk\jdk1.8\jre\bin\verify.dll
0x000000006f370000 - 0x000000006f399000 	D:\Tools\jdk\jdk1.8\jre\bin\java.dll
0x000000006f320000 - 0x000000006f343000 	D:\Tools\jdk\jdk1.8\jre\bin\instrument.dll
0x000000006f350000 - 0x000000006f366000 	D:\Tools\jdk\jdk1.8\jre\bin\zip.dll
0x00007ffe2d870000 - 0x00007ffe2dfaf000 	C:\Windows\System32\SHELL32.dll
0x00007ffe2a700000 - 0x00007ffe2ae91000 	C:\Windows\SYSTEM32\windows.storage.dll
0x00007ffe2d370000 - 0x00007ffe2d6c5000 	C:\Windows\System32\combase.dll
0x00007ffe2bf50000 - 0x00007ffe2bf7c000 	C:\Windows\SYSTEM32\Wldp.dll
0x00007ffe2e160000 - 0x00007ffe2e20e000 	C:\Windows\System32\SHCORE.dll
0x00007ffe2eb70000 - 0x00007ffe2ebc5000 	C:\Windows\System32\shlwapi.dll
0x00007ffe2c4f0000 - 0x00007ffe2c50f000 	C:\Windows\SYSTEM32\profapi.dll
0x00007ffe256d0000 - 0x00007ffe256ea000 	D:\Tools\ideaIU-2020.3.2\IntelliJ IDEA 2020.3.2\bin\breakgen64.dll
0x000000006f200000 - 0x000000006f21a000 	D:\Tools\jdk\jdk1.8\jre\bin\net.dll
0x00007ffe2bcb0000 - 0x00007ffe2bd1a000 	C:\Windows\system32\mswsock.dll
0x00007ffe2b9e0000 - 0x00007ffe2baac000 	C:\Windows\SYSTEM32\DNSAPI.dll
0x00007ffe2b9a0000 - 0x00007ffe2b9db000 	C:\Windows\SYSTEM32\IPHLPAPI.DLL
0x00007ffe2dfc0000 - 0x00007ffe2dfc8000 	C:\Windows\System32\NSI.dll
0x00007ffe21d00000 - 0x00007ffe21d0a000 	C:\Windows\System32\rasadhlp.dll
0x00007ffe21d10000 - 0x00007ffe21d8f000 	C:\Windows\System32\fwpuclnt.dll
0x00007ffe2c5b0000 - 0x00007ffe2c5d7000 	C:\Windows\System32\bcrypt.dll
0x000000006f310000 - 0x000000006f31d000 	D:\Tools\jdk\jdk1.8\jre\bin\management.dll
0x000000006f1e0000 - 0x000000006f1f1000 	D:\Tools\jdk\jdk1.8\jre\bin\nio.dll
0x00007ffe2be90000 - 0x00007ffe2bea8000 	C:\Windows\SYSTEM32\CRYPTSP.dll
0x00007ffe2b650000 - 0x00007ffe2b684000 	C:\Windows\system32\rsaenh.dll
0x00007ffe2c470000 - 0x00007ffe2c49e000 	C:\Windows\SYSTEM32\USERENV.dll
0x00007ffe2cb20000 - 0x00007ffe2cba3000 	C:\Windows\System32\bcryptprimitives.dll
0x00007ffe2beb0000 - 0x00007ffe2bebc000 	C:\Windows\SYSTEM32\CRYPTBASE.dll
0x00007ffe25ac0000 - 0x00007ffe25ad7000 	C:\Windows\SYSTEM32\dhcpcsvc6.DLL
0x00007ffe25a20000 - 0x00007ffe25a3d000 	C:\Windows\SYSTEM32\dhcpcsvc.DLL
0x00007ffe19050000 - 0x00007ffe19067000 	C:\Windows\system32\napinsp.dll
0x00007ffe18df0000 - 0x00007ffe18e0b000 	C:\Windows\system32\pnrpnsp.dll
0x00007ffe1c910000 - 0x00007ffe1c925000 	C:\Windows\system32\wshbth.dll
0x00007ffe28060000 - 0x00007ffe2807d000 	C:\Windows\system32\NLAapi.dll
0x00007ffe18dd0000 - 0x00007ffe18de2000 	C:\Windows\System32\winrnr.dll

VM Arguments:
jvm_args: -XX:TieredStopAtLevel=1 -Xverify:none -Dspring.output.ansi.enabled=always -javaagent:D:\Tools\ideaIU-2020.3.2\IntelliJ IDEA 2020.3.2\lib\idea_rt.jar=62573:D:\Tools\ideaIU-2020.3.2\IntelliJ IDEA 2020.3.2\bin -Dcom.sun.management.jmxremote -Dspring.jmx.enabled=true -Dspring.liveBeansView.mbeanDomain -Dspring.application.admin.enabled=true -Dfile.encoding=UTF-8 
java_command: com.atguigu.springcloud.OrderMain80
java_class_path (initial): D:\Tools\jdk\jdk1.8\jre\lib\charsets.jar;D:\Tools\jdk\jdk1.8\jre\lib\deploy.jar;D:\Tools\jdk\jdk1.8\jre\lib\ext\access-bridge-64.jar;D:\Tools\jdk\jdk1.8\jre\lib\ext\cldrdata.jar;D:\Tools\jdk\jdk1.8\jre\lib\ext\dnsns.jar;D:\Tools\jdk\jdk1.8\jre\lib\ext\jaccess.jar;D:\Tools\jdk\jdk1.8\jre\lib\ext\jfxrt.jar;D:\Tools\jdk\jdk1.8\jre\lib\ext\localedata.jar;D:\Tools\jdk\jdk1.8\jre\lib\ext\nashorn.jar;D:\Tools\jdk\jdk1.8\jre\lib\ext\sunec.jar;D:\Tools\jdk\jdk1.8\jre\lib\ext\sunjce_provider.jar;D:\Tools\jdk\jdk1.8\jre\lib\ext\sunmscapi.jar;D:\Tools\jdk\jdk1.8\jre\lib\ext\sunpkcs11.jar;D:\Tools\jdk\jdk1.8\jre\lib\ext\zipfs.jar;D:\Tools\jdk\jdk1.8\jre\lib\javaws.jar;D:\Tools\jdk\jdk1.8\jre\lib\jce.jar;D:\Tools\jdk\jdk1.8\jre\lib\jfr.jar;D:\Tools\jdk\jdk1.8\jre\lib\jfxswt.jar;D:\Tools\jdk\jdk1.8\jre\lib\jsse.jar;D:\Tools\jdk\jdk1.8\jre\lib\management-agent.jar;D:\Tools\jdk\jdk1.8\jre\lib\plugin.jar;D:\Tools\jdk\jdk1.8\jre\lib\resources.jar;D:\Tools\jdk\jdk1.8\jre\lib\rt.jar;E:\alicloud-ams-demo-master\OpenApi2.0\cloud2020\cloud-consumer-order80\target\classes;E:\alicloud-ams-demo-master\OpenApi2.0\cloud2020\cloud-api-commons\target\classes;D:\Tools\maven\apache-maven-3.5.4\.m2\cn\hutool\hutool-all\5.1.0\hutool-all-5.1.0.jar;D:\Tools\maven\apache-maven-3.5.4\.m2\org\springframework\cloud\spring-cloud-starter-netflix-eureka-client\2.2.1.RELEASE\spring-cloud-starter-netflix-eureka-client-2.2.1.RELEASE.jar;D:\Tools\maven\apache-maven-3.5.4\.m2\org\springframework\cloud\spring-cloud-starter\2.2.1.RELEASE\spring-cloud-starter-2.2.1.RELEASE.jar;D:\Tools\maven\apache-maven-3.5.4\.m2\org\springframework\cloud\spring-cloud-context\2.2.1.RELEASE\spring-cloud-context-2.2.1.RELEASE.jar;D:\Tools\maven\apache-maven-3.5.4\.m2\org\springframework\security\spring-security-crypto\5.2.1.RELEASE\spring-security-crypto-5.2.1.RELEASE.jar;D:\Tools\maven\apache-maven-3.5.4\.m2\org\springframework\cloud\spring-cloud-commons\2.2.1.RELEASE\spring-cloud-commons-2.2.1.RELEASE.ja
Launcher Type: SUN_STANDARD

Environment Variables:
JAVA_HOME=D:\Tools\jdk\jdk1.8
CLASSPATH=.;D:\Tools\jdk\jdk1.8\lib\dt.jar;D:\Tools\jdk\jdk1.8\lib\tools.jar
PATH=D:\Tools\XShell\;D:\Tools\VMware\bin\;C:\Windows\system32;C:\Windows;C:\Windows\System32\Wbem;C:\Windows\System32\WindowsPowerShell\v1.0\;C:\Windows\System32\OpenSSH\;D:\Tools\Git\Git\cmd;D:\Tools\maven\apache-maven-3.5.4\bin;D:\Tools\jdk\jdk1.8\bin;C:\Users\Admin\AppData\Local\Microsoft\WindowsApps;
USERNAME=Admin
OS=Windows_NT
PROCESSOR_IDENTIFIER=Intel64 Family 6 Model 60 Stepping 3, GenuineIntel



---------------  S Y S T E M  ---------------

OS: Windows 10.0 , 64 bit Build 19041 (10.0.19041.1023)

CPU:total 2 (initial active 2) (2 cores per cpu, 1 threads per core) family 6 model 60 stepping 3, cmov, cx8, fxsr, mmx, sse, sse2, sse3, ssse3, sse4.1, sse4.2, popcnt, clmul, erms, lzcnt, tsc, tscinvbit

Memory: 4k page, physical 8078404k(862936k free), swap 9965636k(3084k free)

vm_info: Java HotSpot(TM) 64-Bit Server VM (25.171-b11) for windows-amd64 JRE (1.8.0_171-b11), built on Mar 28 2018 16:06:12 by "java_re" with MS VC++ 10.0 (VS2010)

time: Mon Jul 19 20:53:36 2021
elapsed time: 5 seconds (0d 0h 0m 5s)

